-------------------------------------------------------------------------------
Test set: us.codecraft.tinyioc.context.ApplicationContextTest
-------------------------------------------------------------------------------
Tests run: 2, Failures: 0, Errors: 1, Skipped: 0, Time elapsed: 0.297 sec <<< FAILURE!
testPostBeanProcessor(us.codecraft.tinyioc.context.ApplicationContextTest)  Time elapsed: 0.005 sec  <<< ERROR!
java.lang.NoSuchFieldException: helloWorldService
	at java.lang.Class.getDeclaredField(Class.java:2070)
	at us.codecraft.tinyioc.beans.factory.AutowireCapableBeanFactory.applyPropertyValues(AutowireCapableBeanFactory.java:37)
	at us.codecraft.tinyioc.beans.factory.AbstractBeanFactory.doCreateBean(AbstractBeanFactory.java:69)
	at us.codecraft.tinyioc.beans.factory.AbstractBeanFactory.getBean(AbstractBeanFactory.java:31)
	at us.codecraft.tinyioc.beans.factory.AbstractBeanFactory.preInstantiateSingletons(AbstractBeanFactory.java:62)
	at us.codecraft.tinyioc.context.AbstractApplicationContext.onRefresh(AbstractApplicationContext.java:34)
	at us.codecraft.tinyioc.context.AbstractApplicationContext.refresh(AbstractApplicationContext.java:21)
	at us.codecraft.tinyioc.context.ClassPathXmlApplicationContext.<init>(ClassPathXmlApplicationContext.java:25)
	at us.codecraft.tinyioc.context.ClassPathXmlApplicationContext.<init>(ClassPathXmlApplicationContext.java:19)
	at us.codecraft.tinyioc.context.ApplicationContextTest.testPostBeanProcessor(ApplicationContextTest.java:20)
	at sun.reflect.NativeMethodAccessorImpl.invoke0(Native Method)
	at sun.reflect.NativeMethodAccessorImpl.invoke(NativeMethodAccessorImpl.java:62)
	at sun.reflect.DelegatingMethodAccessorImpl.invoke(DelegatingMethodAccessorImpl.java:43)
	at java.lang.reflect.Method.invoke(Method.java:498)
	at org.junit.runners.model.FrameworkMethod$1.runReflectiveCall(FrameworkMethod.java:44)
	at org.junit.internal.runners.model.ReflectiveCallable.run(ReflectiveCallable.java:15)
	at org.junit.runners.model.FrameworkMethod.invokeExplosively(FrameworkMethod.java:41)
	at org.junit.internal.runners.statements.InvokeMethod.evaluate(InvokeMethod.java:20)
	at org.junit.runners.BlockJUnit4ClassRunner.runChild(BlockJUnit4ClassRunner.java:76)
	at org.junit.runners.BlockJUnit4ClassRunner.runChild(BlockJUnit4ClassRunner.java:50)
	at org.junit.runners.ParentRunner$3.run(ParentRunner.java:193)
	at org.junit.runners.ParentRunner$1.schedule(ParentRunner.java:52)
	at org.junit.runners.ParentRunner.runChildren(ParentRunner.java:191)
	at org.junit.runners.ParentRunner.access$000(ParentRunner.java:42)
	at org.junit.runners.ParentRunner$2.evaluate(ParentRunner.java:184)
	at org.junit.runners.ParentRunner.run(ParentRunner.java:236)
	at org.apache.maven.surefire.junit4.JUnit4Provider.execute(JUnit4Provider.java:252)
	at org.apache.maven.surefire.junit4.JUnit4Provider.executeTestSet(JUnit4Provider.java:141)
	at org.apache.maven.surefire.junit4.JUnit4Provider.invoke(JUnit4Provider.java:112)
	at sun.reflect.NativeMethodAccessorImpl.invoke0(Native Method)
	at sun.reflect.NativeMethodAccessorImpl.invoke(NativeMethodAccessorImpl.java:62)
	at sun.reflect.DelegatingMethodAccessorImpl.invoke(DelegatingMethodAccessorImpl.java:43)
	at java.lang.reflect.Method.invoke(Method.java:498)
	at org.apache.maven.surefire.util.ReflectionUtils.invokeMethodWithArray(ReflectionUtils.java:189)
	at org.apache.maven.surefire.booter.ProviderFactory$ProviderProxy.invoke(ProviderFactory.java:165)
	at org.apache.maven.surefire.booter.ProviderFactory.invokeProvider(ProviderFactory.java:85)
	at org.apache.maven.surefire.booter.ForkedBooter.runSuitesInProcess(ForkedBooter.java:115)
	at org.apache.maven.surefire.booter.ForkedBooter.main(ForkedBooter.java:75)

